[     337ms] [LOG] TypeError: window.__gpp is not a function
    at new qo (https://cmp.gatekeeperconsent.com/min.js:35:167109)
    at new xa (https://cmp.gatekeeperconsent.com/min.js:35:272098)
    at new La (https://cmp.gatekeeperconsent.com/min.js:35:279046)
    at https://cmp.gatekeeperconsent.com/min.js:35:281580
    at https://cmp.gatekeeperconsent.com/min.js:301:1970 @ https://cmp.gatekeeperconsent.com/min.js:34
[     340ms] [LOG] ✅ IAB GPP CMP API Initialized! User is in jurisdiction: TX @ https://cmp.gatekeeperconsent.com/min.js:34
[     341ms] [LOG] ✅ Restoring previous consent: DBABEw~BVoAAAgA.QA @ https://cmp.gatekeeperconsent.com/min.js:34
[     344ms] [LOG] ✅ GPP Consent Updated: He @ https://cmp.gatekeeperconsent.com/min.js:34
[     344ms] [LOG] Saving consent to cookie: DBABEw~BVoAAAgA.QA @ https://cmp.gatekeeperconsent.com/min.js:34
[     345ms] [LOG] Verified stored consent: DBABEw~BVoAAAgA.QA @ https://cmp.gatekeeperconsent.com/min.js:34
[    1255ms] [WARNING] [GSI_LOGGER]: Your client application uses one of the Google One Tap prompt UI status methods that may stop functioning when FedCM becomes mandatory. Refer to the migration guide to update your code accordingly and opt-in to FedCM to test your changes. Learn more: https://developers.google.com/identity/gsi/web/guides/fedcm-migration?s=dc#display_moment and https://developers.google.com/identity/gsi/web/guides/fedcm-migration?s=dc#skipped_moment @ https://accounts.google.com/gsi/client:86
[    1258ms] [ERROR] Not signed in with the identity provider. @ https://manuals.plus/m/ea229d698fdeffe158d0a85e381d657d02714a870a560b968559953ab521d745:0
[    1964ms] [ERROR] Attestation check for Protected Audience on https://onetag-sys.com failed. @ https://manuals.plus/m/ea229d698fdeffe158d0a85e381d657d02714a870a560b968559953ab521d745:0
[    1964ms] [ERROR] Attestation check for Protected Audience on https://prebid.trustedstack.com failed. @ https://manuals.plus/m/ea229d698fdeffe158d0a85e381d657d02714a870a560b968559953ab521d745:0
[    1964ms] [ERROR] Attestation check for Protected Audience on https://tlx.3lift.com failed. @ https://manuals.plus/m/ea229d698fdeffe158d0a85e381d657d02714a870a560b968559953ab521d745:0
[    1964ms] [ERROR] Attestation check for Protected Audience on https://direct.adsrvr.org failed. @ https://manuals.plus/m/ea229d698fdeffe158d0a85e381d657d02714a870a560b968559953ab521d745:0
[    1966ms] [ERROR] Attestation check for Protected Audience on https://htlb.casalemedia.com failed. @ https://manuals.plus/m/ea229d698fdeffe158d0a85e381d657d02714a870a560b968559953ab521d745:0
[    1966ms] [ERROR] Attestation check for Protected Audience on https://prebid.smilewanted.com failed. @ https://manuals.plus/m/ea229d698fdeffe158d0a85e381d657d02714a870a560b968559953ab521d745:0
[    1980ms] [ERROR] Attestation check for Protected Audience on https://hbopenbid.pubmatic.com failed. @ https://manuals.plus/m/ea229d698fdeffe158d0a85e381d657d02714a870a560b968559953ab521d745:0
[    1991ms] [ERROR] Failed to load resource: the server responded with a status of 404 () @ https://js-sec.indexww.com/prebid/topics/topics_frame.html?bidder=ix:0
[    2013ms] [ERROR] Mixed Content: The page at 'https://manuals.plus/m/ea229d698fdeffe158d0a85e381d657d02714a870a560b968559953ab521d745' was loaded over HTTPS, but requested an insecure frame 'http://www.optmd.com/'. This request has been blocked; the content must be served over HTTPS. @ https://js-sec.indexww.com/prebid/topics/topics_frame.html?bidder=ix:0
[    2068ms] [LOG] Called iframe: ads.pubmatic.com [] 
Number of topics:  0 @ https://ads.pubmatic.com/AdServer/js/topics/topics_frame.html?bidder=pubmatic:19
[    2073ms] [ERROR] Failed to load resource: the server responded with a status of 404 () @ https://eb2.3lift.com/topics/topics_frame.html?bidder=triplelift:0
[    2083ms] [ERROR] Failed to load resource: the server responded with a status of 400 () @ https://ups.analytics.yahoo.com/ups/58713/fed?v=1&1p=0&gdpr=0&gdpr_consent=&us_privacy=&gpp=DBABEw~BVoAAAgA.QA&gpp_sid=&url=https://manuals.plus/m/ea229d698fdeffe158d0a85e381d657d02714a870a560b968559953ab521d745&pixelId=58713&he=029fef0cf82c716c06354524587ae10c0fc7013eb0580558a6558c8d78582dd8:0
[    2098ms] [ERROR] Failed to load resource: the server responded with a status of 404 () @ https://btlr.sharethrough.com/topics/topics_frame.html?bidder=sharethrough:0
[    2120ms] [LOG] Called iframe: onetag-sys.com [] 
Number of topics:  0 @ https://onetag-sys.com/static/topicsapi.html?bidder=onetag:13
[    2286ms] [WARNING] [GPT] PubAdsService.setTargeting is deprecated, use googletag.setConfig({targeting: ...}) instead.
https://goo.gle/gpt-message#170 @ https://securepubads.g.doubleclick.net/pagead/managed/js/gpt/m202606020101/pubads_impl.js?cb=31098954:18
[    2294ms] [WARNING] [GPT] Slot.setTargeting is deprecated, use Slot.setConfig({targeting: ...}) instead.
https://goo.gle/gpt-message#171 @ https://securepubads.g.doubleclick.net/pagead/managed/js/gpt/m202606020101/pubads_impl.js?cb=31098954:18
[    2574ms] [ERROR] Attestation check for Protected Audience on https://direct.adsrvr.org failed. @ https://manuals.plus/m/ea229d698fdeffe158d0a85e381d657d02714a870a560b968559953ab521d745:0
[    2575ms] [ERROR] Attestation check for Protected Audience on https://api.w.inmobi.com failed. @ https://manuals.plus/m/ea229d698fdeffe158d0a85e381d657d02714a870a560b968559953ab521d745:0
[    2576ms] [ERROR] Attestation check for Protected Audience on https://tlx.3lift.com failed. @ https://manuals.plus/m/ea229d698fdeffe158d0a85e381d657d02714a870a560b968559953ab521d745:0
[    2576ms] [ERROR] Attestation check for Protected Audience on https://ap.lijit.com failed. @ https://manuals.plus/m/ea229d698fdeffe158d0a85e381d657d02714a870a560b968559953ab521d745:0
[    2578ms] [ERROR] Attestation check for Protected Audience on https://fastlane.rubiconproject.com failed. @ https://manuals.plus/m/ea229d698fdeffe158d0a85e381d657d02714a870a560b968559953ab521d745:0
[    2578ms] [ERROR] Attestation check for Protected Audience on https://prg.smartadserver.com failed. @ https://manuals.plus/m/ea229d698fdeffe158d0a85e381d657d02714a870a560b968559953ab521d745:0
[    2578ms] [ERROR] Attestation check for Protected Audience on https://htlb.casalemedia.com failed. @ https://manuals.plus/m/ea229d698fdeffe158d0a85e381d657d02714a870a560b968559953ab521d745:0
[    2578ms] [ERROR] Attestation check for Protected Audience on https://prebid.smilewanted.com failed. @ https://manuals.plus/m/ea229d698fdeffe158d0a85e381d657d02714a870a560b968559953ab521d745:0
[    2579ms] [ERROR] Attestation check for Protected Audience on https://prebid.trustedstack.com failed. @ https://manuals.plus/m/ea229d698fdeffe158d0a85e381d657d02714a870a560b968559953ab521d745:0
[    2579ms] [ERROR] Attestation check for Protected Audience on https://onetag-sys.com failed. @ https://manuals.plus/m/ea229d698fdeffe158d0a85e381d657d02714a870a560b968559953ab521d745:0
[    2617ms] [ERROR] Attestation check for Protected Audience on https://hbopenbid.pubmatic.com failed. @ https://manuals.plus/m/ea229d698fdeffe158d0a85e381d657d02714a870a560b968559953ab521d745:0
[    2623ms] [WARNING] [GPT] Using deprecated googletag.encryptedSignalProviders. Please use googletag.secureSignalProviders instead.
https://goo.gle/gpt-message#155 @ https://securepubads.g.doubleclick.net/pagead/managed/js/gpt/m202606020101/pubads_impl.js?cb=31098954:18
[    2628ms] [WARNING] Google Deploy of the SharedId library has been deprecated. Please select another option in the GAM UI. If you use Prebid, we suggest the Prebid.js UserId option. If you do not, you may configure GAM to allow Google to share a first party user identifier with OB and AB participants, which is either the publisherProvidedId or the __gads value when that is missing. @ https://cdn.jsdelivr.net/gh/prebid/shared-id/pubcid.js/docs/pubcid.min.js:0
[    2636ms] [WARNING] [GPT] Using deprecated googletag.encryptedSignalProviders. Please use googletag.secureSignalProviders instead.
https://goo.gle/gpt-message#155 @ https://securepubads.g.doubleclick.net/pagead/managed/js/gpt/m202606020101/pubads_impl.js?cb=31098954:18
[    3142ms] [ERROR] Attestation check for Protected Audience on https://direct.adsrvr.org failed. @ https://manuals.plus/m/ea229d698fdeffe158d0a85e381d657d02714a870a560b968559953ab521d745:0
[    3142ms] [ERROR] Attestation check for Protected Audience on https://tlx.3lift.com failed. @ https://manuals.plus/m/ea229d698fdeffe158d0a85e381d657d02714a870a560b968559953ab521d745:0
[    3142ms] [ERROR] Attestation check for Protected Audience on https://a.teads.tv failed. @ https://manuals.plus/m/ea229d698fdeffe158d0a85e381d657d02714a870a560b968559953ab521d745:0
[    3143ms] [ERROR] Attestation check for Protected Audience on https://targeting.unrulymedia.com failed. @ https://manuals.plus/m/ea229d698fdeffe158d0a85e381d657d02714a870a560b968559953ab521d745:0
[    3143ms] [ERROR] Attestation check for Protected Audience on https://prg.smartadserver.com failed. @ https://manuals.plus/m/ea229d698fdeffe158d0a85e381d657d02714a870a560b968559953ab521d745:0
[    3143ms] [ERROR] Attestation check for Protected Audience on https://prg.smartadserver.com failed. @ https://manuals.plus/m/ea229d698fdeffe158d0a85e381d657d02714a870a560b968559953ab521d745:0
[    3143ms] [ERROR] Attestation check for Protected Audience on https://htlb.casalemedia.com failed. @ https://manuals.plus/m/ea229d698fdeffe158d0a85e381d657d02714a870a560b968559953ab521d745:0
[    3143ms] [ERROR] Attestation check for Protected Audience on https://onetag-sys.com failed. @ https://manuals.plus/m/ea229d698fdeffe158d0a85e381d657d02714a870a560b968559953ab521d745:0
[    3143ms] [ERROR] Attestation check for Protected Audience on https://prebid.smilewanted.com failed. @ https://manuals.plus/m/ea229d698fdeffe158d0a85e381d657d02714a870a560b968559953ab521d745:0
[    3143ms] [ERROR] Attestation check for Protected Audience on https://prebid.smilewanted.com failed. @ https://manuals.plus/m/ea229d698fdeffe158d0a85e381d657d02714a870a560b968559953ab521d745:0
[    3185ms] [ERROR] Attestation check for Protected Audience on https://hbopenbid.pubmatic.com failed. @ https://manuals.plus/m/ea229d698fdeffe158d0a85e381d657d02714a870a560b968559953ab521d745:0
[    3187ms] [ERROR] Attestation check for Protected Audience on https://grid-bidder.criteo.com failed. @ https://manuals.plus/m/ea229d698fdeffe158d0a85e381d657d02714a870a560b968559953ab521d745:0
[    3439ms] [ERROR] Attestation check for Protected Audience on https://tlx.3lift.com failed. @ https://manuals.plus/m/ea229d698fdeffe158d0a85e381d657d02714a870a560b968559953ab521d745:0
[    3439ms] [ERROR] Attestation check for Protected Audience on https://prebid.smilewanted.com failed. @ https://manuals.plus/m/ea229d698fdeffe158d0a85e381d657d02714a870a560b968559953ab521d745:0
[    3439ms] [ERROR] Attestation check for Protected Audience on https://prebid.smilewanted.com failed. @ https://manuals.plus/m/ea229d698fdeffe158d0a85e381d657d02714a870a560b968559953ab521d745:0
[    3439ms] [ERROR] Attestation check for Protected Audience on https://prebid.smilewanted.com failed. @ https://manuals.plus/m/ea229d698fdeffe158d0a85e381d657d02714a870a560b968559953ab521d745:0
[    3439ms] [ERROR] Attestation check for Protected Audience on https://prebid.smilewanted.com failed. @ https://manuals.plus/m/ea229d698fdeffe158d0a85e381d657d02714a870a560b968559953ab521d745:0
[    3439ms] [ERROR] Attestation check for Protected Audience on https://prebid.smilewanted.com failed. @ https://manuals.plus/m/ea229d698fdeffe158d0a85e381d657d02714a870a560b968559953ab521d745:0
[    3439ms] [ERROR] Attestation check for Protected Audience on https://btlr.sharethrough.com failed. @ https://manuals.plus/m/ea229d698fdeffe158d0a85e381d657d02714a870a560b968559953ab521d745:0
[    3439ms] [ERROR] Attestation check for Protected Audience on https://prebid.trustedstack.com failed. @ https://manuals.plus/m/ea229d698fdeffe158d0a85e381d657d02714a870a560b968559953ab521d745:0
[    3439ms] [ERROR] Attestation check for Protected Audience on https://prg.smartadserver.com failed. @ https://manuals.plus/m/ea229d698fdeffe158d0a85e381d657d02714a870a560b968559953ab521d745:0
[    3440ms] [ERROR] Attestation check for Protected Audience on https://prg.smartadserver.com failed. @ https://manuals.plus/m/ea229d698fdeffe158d0a85e381d657d02714a870a560b968559953ab521d745:0
[    3440ms] [ERROR] Attestation check for Protected Audience on https://prg.smartadserver.com failed. @ https://manuals.plus/m/ea229d698fdeffe158d0a85e381d657d02714a870a560b968559953ab521d745:0
[    3440ms] [ERROR] Attestation check for Protected Audience on https://prg.smartadserver.com failed. @ https://manuals.plus/m/ea229d698fdeffe158d0a85e381d657d02714a870a560b968559953ab521d745:0
[    3440ms] [ERROR] Attestation check for Protected Audience on https://ap.lijit.com failed. @ https://manuals.plus/m/ea229d698fdeffe158d0a85e381d657d02714a870a560b968559953ab521d745:0
[    3440ms] [ERROR] Attestation check for Protected Audience on https://direct.adsrvr.org failed. @ https://manuals.plus/m/ea229d698fdeffe158d0a85e381d657d02714a870a560b968559953ab521d745:0
[    3440ms] [ERROR] Attestation check for Protected Audience on https://htlb.casalemedia.com failed. @ https://manuals.plus/m/ea229d698fdeffe158d0a85e381d657d02714a870a560b968559953ab521d745:0
[    3440ms] [ERROR] Attestation check for Protected Audience on https://onetag-sys.com failed. @ https://manuals.plus/m/ea229d698fdeffe158d0a85e381d657d02714a870a560b968559953ab521d745:0
[    3440ms] [ERROR] Attestation check for Protected Audience on https://fastlane.rubiconproject.com failed. @ https://manuals.plus/m/ea229d698fdeffe158d0a85e381d657d02714a870a560b968559953ab521d745:0
[    3440ms] [ERROR] Attestation check for Protected Audience on https://a.teads.tv failed. @ https://manuals.plus/m/ea229d698fdeffe158d0a85e381d657d02714a870a560b968559953ab521d745:0
[    3440ms] [ERROR] Attestation check for Protected Audience on https://api.w.inmobi.com failed. @ https://manuals.plus/m/ea229d698fdeffe158d0a85e381d657d02714a870a560b968559953ab521d745:0
[    3469ms] [ERROR] Attestation check for Protected Audience on https://hbopenbid.pubmatic.com failed. @ https://manuals.plus/m/ea229d698fdeffe158d0a85e381d657d02714a870a560b968559953ab521d745:0
[    2073ms] [ERROR] Failed to load resource: the server responded with a status of 404 () @ https://eb2.3lift.com/topics/topics_frame.html?bidder=triplelift:0
[    1991ms] [ERROR] Failed to load resource: the server responded with a status of 404 () @ https://js-sec.indexww.com/prebid/topics/topics_frame.html?bidder=ix:0
[    2013ms] [ERROR] Mixed Content: The page at 'https://manuals.plus/m/ea229d698fdeffe158d0a85e381d657d02714a870a560b968559953ab521d745' was loaded over HTTPS, but requested an insecure frame 'http://www.optmd.com/'. This request has been blocked; the content must be served over HTTPS. @ https://js-sec.indexww.com/prebid/topics/topics_frame.html?bidder=ix:0
[    6065ms] [ERROR] Attestation check for Shared Storage on https://www.googleadservices.com failed. @ https://www.googleadservices.com/pagead/managed/js/activeview/current/reach_worklet.html:0
[    6065ms] [ERROR] Attestation check for Shared Storage on https://www.googleadservices.com failed. @ https://www.googleadservices.com/pagead/managed/js/activeview/current/reach_worklet.html:0
[    6505ms] [ERROR] Failed to load resource: the server responded with a status of 404 () @ https://cs.krushmedia.com/4831fbf13dd518a56346a6e0ec8ba9d5.gif?puid=ID5-2-85b731f9-d159-429e-b1a2-566b2484c6aa&redir=https%3A%2F%2Fsync.inmobi.com%2Fsetuid%3FbidderID%3D1315%26dspUserId%3D%5BUID%5D&gdpr=0&gdpr_consent=:0
[    6586ms] [ERROR] Failed to load resource: the server responded with a status of 404 () @ https://cs.krushmedia.com/4831fbf13dd518a56346a6e0ec8ba9d5.gif?puid=ID5-2-85b731f9-d159-429e-b1a2-566b2484c6aa&redir=https%3A%2F%2Fsync.inmobi.com%2Fsetuid%3FbidderID%3D1315%26dspUserId%3D%5BUID%5D&gdpr=0&gdpr_consent=:0
[    6594ms] [ERROR] Attestation check for Shared Storage on https://www.googleadservices.com failed. @ https://www.googleadservices.com/pagead/managed/js/activeview/current/reach_worklet.html:0
[    6505ms] [ERROR] Failed to load resource: the server responded with a status of 404 () @ https://cs.krushmedia.com/4831fbf13dd518a56346a6e0ec8ba9d5.gif?puid=ID5-2-85b731f9-d159-429e-b1a2-566b2484c6aa&redir=https%3A%2F%2Fsync.inmobi.com%2Fsetuid%3FbidderID%3D1315%26dspUserId%3D%5BUID%5D&gdpr=0&gdpr_consent=:0
[    6586ms] [ERROR] Failed to load resource: the server responded with a status of 404 () @ https://cs.krushmedia.com/4831fbf13dd518a56346a6e0ec8ba9d5.gif?puid=ID5-2-85b731f9-d159-429e-b1a2-566b2484c6aa&redir=https%3A%2F%2Fsync.inmobi.com%2Fsetuid%3FbidderID%3D1315%26dspUserId%3D%5BUID%5D&gdpr=0&gdpr_consent=:0
[    6806ms] [ERROR] Failed to load resource: net::ERR_NAME_NOT_RESOLVED @ https://visitor-gen01.omnitagjs.com/visitor/bsync?uid=e60f57431e7a9861d59a42cd478b2ea2&name=gen01&url=https%3A%2F%2Fusersync-us.digital-services.solutions%2Fapi%2Fusersync%3Fpass_back%3D1%26partner%3Dopenweb%26external_uid%3DPARTNER_USER_ID%26gdpr%3DGDPR%26gdpr_consent%3DGDPR_CONSENT%26msg%3Dc39b00b6e9d5c1d80cdf73cb7d12516a619a9e3a2ffd7bddf29926ec01da14d1:0
[    6505ms] [ERROR] Failed to load resource: the server responded with a status of 404 () @ https://cs.krushmedia.com/4831fbf13dd518a56346a6e0ec8ba9d5.gif?puid=ID5-2-85b731f9-d159-429e-b1a2-566b2484c6aa&redir=https%3A%2F%2Fsync.inmobi.com%2Fsetuid%3FbidderID%3D1315%26dspUserId%3D%5BUID%5D&gdpr=0&gdpr_consent=:0
[    6586ms] [ERROR] Failed to load resource: the server responded with a status of 404 () @ https://cs.krushmedia.com/4831fbf13dd518a56346a6e0ec8ba9d5.gif?puid=ID5-2-85b731f9-d159-429e-b1a2-566b2484c6aa&redir=https%3A%2F%2Fsync.inmobi.com%2Fsetuid%3FbidderID%3D1315%26dspUserId%3D%5BUID%5D&gdpr=0&gdpr_consent=:0
[    6806ms] [ERROR] Failed to load resource: net::ERR_NAME_NOT_RESOLVED @ https://visitor-gen01.omnitagjs.com/visitor/bsync?uid=e60f57431e7a9861d59a42cd478b2ea2&name=gen01&url=https%3A%2F%2Fusersync-us.digital-services.solutions%2Fapi%2Fusersync%3Fpass_back%3D1%26partner%3Dopenweb%26external_uid%3DPARTNER_USER_ID%26gdpr%3DGDPR%26gdpr_consent%3DGDPR_CONSENT%26msg%3Dc39b00b6e9d5c1d80cdf73cb7d12516a619a9e3a2ffd7bddf29926ec01da14d1:0
[    6863ms] [WARNING] Mixed Content: The page at 'https://s.ad.smaato.net/i/?adExInit=smile&gdpr=[GDPR]&gdpr_consent=[GDPR_CONSENT]&redir=https%3A%2F%2Fcsync.smilewanted.com%2Fset_partner_userid_get%2Fsmaato%2F%24UID' was loaded over HTTPS, but requested an insecure element 'http://image8.pubmatic.com/AdServer/ImgSync?p=164125&gdpr=0&gdpr_consent=[GDPR_CONSENT]&pu=http%3A%2F%2Fimage4.pubmatic.com%2FAdServer%2FSPug%3Fp%3D164125%26pmc%3DPM_PMC%26pr%3Dhttps%253A%252F%252Fs.ad.smaato.net%252Fc%252F%253FdspId%253D1405%2526dspCookie%253D%2523PMUID%26gdpr%3D0%26gdpr_consent%3D[GDPR_CONSENT]'. This request was automatically upgraded to HTTPS, For more information see https://blog.chromium.org/2019/10/no-more-mixed-messages-about-https.html @ https://s.ad.smaato.net/i/?adExInit=smile&gdpr=[GDPR]&gdpr_consent=[GDPR_CONSENT]&redir=https%3A%2F%2Fcsync.smilewanted.com%2Fset_partner_userid_get%2Fsmaato%2F%24UID:0
[    6864ms] [WARNING] Mixed Content: The page at 'https://s.ad.smaato.net/i/?adExInit=smile&gdpr=[GDPR]&gdpr_consent=[GDPR_CONSENT]&redir=https%3A%2F%2Fcsync.smilewanted.com%2Fset_partner_userid_get%2Fsmaato%2F%24UID' was loaded over HTTPS, but requested an insecure element 'http://image8.pubmatic.com/AdServer/ImgSync?p=164125&gdpr=0&gdpr_consent=[GDPR_CONSENT]&pu=http%3A%2F%2Fimage4.pubmatic.com%2FAdServer%2FSPug%3Fp%3D164125%26pmc%3DPM_PMC%26pr%3Dhttps%253A%252F%252Fs.ad.smaato.net%252Fc%252F%253FdspId%253D1405%2526dspCookie%253D%2523PMUID%26gdpr%3D0%26gdpr_consent%3D[GDPR_CONSENT]'. This request was automatically upgraded to HTTPS, For more information see https://blog.chromium.org/2019/10/no-more-mixed-messages-about-https.html @ https://s.ad.smaato.net/i/?adExInit=smile&gdpr=[GDPR]&gdpr_consent=[GDPR_CONSENT]&redir=https%3A%2F%2Fcsync.smilewanted.com%2Fset_partner_userid_get%2Fsmaato%2F%24UID:0
[    7105ms] [ERROR] Failed to load resource: the server responded with a status of 404 () @ https://cs.admanmedia.com/c899400112bd5b9243b3993d9a074653.gif?puid=[UID]&redir=https%3A%2F%2Fcsync.smilewanted.com%2Fset_partner_userid_get%2Fillumin%2F%5BUID%5D&gdpr=0&gdpr_consent=:0
[    7125ms] [ERROR] Failed to load resource: net::ERR_CERT_DATE_INVALID @ https://measureadv.com/user?gdpr=0&gdpr_consent=&usp_consent=&p=4:0
[    7230ms] [LOG] {_2026_NFCU_DCO_Workbook_V1_01: Array(1), _profileid: 10954377} @ https://s0.2mdn.net/sadbundle/15035644483666444288/index.html?e=69&leftOffset=0&topOffset=0&c=7jdlaxuQGb&t=1&renderingType=2&ev=01_262:115
[    7270ms] [ERROR] Failed to load resource: net::ERR_CERT_DATE_INVALID @ https://measureadv.com/user?gdpr=0&gdpr_consent=&usp_consent=&p=4:0
[    7349ms] [ERROR] Failed to load resource: the server responded with a status of 400 () @ https://ssum-sec.casalemedia.com/usermatch?s=194558&cb=https%3A%2F%2Fu-ams.4dex.io%2Fsetuid%3Fbidder%3Dindexexchange%26it%3Dortb%26uid%3D:0
[    7404ms] [ERROR] Failed to load resource: the server responded with a status of 404 (Not Found) @ https://us.shb-sync.com/bf2debb3-8b3f-11ed-9a3c-0cc47a787f5e.gif?redir=https%3A%2F%2Fs.ad.smaato.net%2Fc%2F%3FdspId%3D1170%26dspCookie%3D%24UID%26gdpr%3D0%26gdpr_consent%3D&gdpr=0&gdpr_consent=:0
[    6065ms] [ERROR] Attestation check for Shared Storage on https://www.googleadservices.com failed. @ https://www.googleadservices.com/pagead/managed/js/activeview/current/reach_worklet.html:0
[    6594ms] [ERROR] Attestation check for Shared Storage on https://www.googleadservices.com failed. @ https://www.googleadservices.com/pagead/managed/js/activeview/current/reach_worklet.html:0
[    7419ms] [WARNING] [Meta Pixel] - Duplicate Pixel ID: 973535300821278. @ https://connect.facebook.net/en_US/fbevents.js:183
[    7510ms] [ERROR] Failed to load resource: the server responded with a status of 404 () @ https://id5-sync.com/k/1854.gif?puid=3eb1b430-9461-451e-8b91-1dc206c6b783:0
[    7538ms] [ERROR] Attestation check for Shared Storage on https://www.googleadservices.com failed. @ https://www.googleadservices.com/pagead/managed/js/activeview/current/reach_worklet.html:0
[    7670ms] [ERROR] Failed to load resource: the server responded with a status of 400 () @ https://tracker.rtb-oveeo.com/https%3A%2F%2Fcs.admanmedia.com%2F27b80941c42566e4096190078077ea59.gif%3Fpuid%3D%%ifa%%%26redir%3D%%pageUrlEnc%%%26gdpr%3D%%gdpr%%%26gdpr_consent%3D%%gdprConsent%%%26ccpa%3D%%us_privacy%%%26coppa%3D%%coppa%%:0
[    7692ms] [LOG] {_2026_NFCU_DCO_Workbook_V1_01: Array(1), _profileid: 10954377} @ https://s0.2mdn.net/sadbundle/12259900415541248000/index.html?e=69&leftOffset=0&topOffset=0&c=7yjAVWXtUH&t=1&renderingType=2&ev=01_262:115
[    7734ms] [ERROR] Failed to load resource: the server responded with a status of 422 () @ https://match.sharethrough.com/FGMrCMMc/v1?redirectUri=https%3A%2F%2Fsync.sparteo.com%2Fsetuid%3Fpslabel%3Dnull%26bidder%3Dsharethrough%26gdpr%3D0%26gdpr_consent%3D%26us_privacy%3D%26gpp%3D%26gpp_sid%3D%26f%3Di%26uid%3D%24UID&gdpr=0&gdpr_consent=&us_privacy=:0
[    2073ms] [ERROR] Failed to load resource: the server responded with a status of 404 () @ https://eb2.3lift.com/topics/topics_frame.html?bidder=triplelift:0
[    6065ms] [ERROR] Attestation check for Shared Storage on https://www.googleadservices.com failed. @ https://www.googleadservices.com/pagead/managed/js/activeview/current/reach_worklet.html:0
[    6594ms] [ERROR] Attestation check for Shared Storage on https://www.googleadservices.com failed. @ https://www.googleadservices.com/pagead/managed/js/activeview/current/reach_worklet.html:0
[    7538ms] [ERROR] Attestation check for Shared Storage on https://www.googleadservices.com failed. @ https://www.googleadservices.com/pagead/managed/js/activeview/current/reach_worklet.html:0
[    8993ms] [ERROR] Attestation check for Shared Storage on https://www.googleadservices.com failed. @ https://www.googleadservices.com/pagead/managed/js/activeview/current/reach_worklet.html:0
[    6065ms] [ERROR] Attestation check for Shared Storage on https://www.googleadservices.com failed. @ https://www.googleadservices.com/pagead/managed/js/activeview/current/reach_worklet.html:0
[    6594ms] [ERROR] Attestation check for Shared Storage on https://www.googleadservices.com failed. @ https://www.googleadservices.com/pagead/managed/js/activeview/current/reach_worklet.html:0
[    7538ms] [ERROR] Attestation check for Shared Storage on https://www.googleadservices.com failed. @ https://www.googleadservices.com/pagead/managed/js/activeview/current/reach_worklet.html:0
[    8993ms] [ERROR] Attestation check for Shared Storage on https://www.googleadservices.com failed. @ https://www.googleadservices.com/pagead/managed/js/activeview/current/reach_worklet.html:0
[    9722ms] [ERROR] Attestation check for Shared Storage on https://www.googleadservices.com failed. @ https://www.googleadservices.com/pagead/managed/js/activeview/current/reach_worklet.html:0
[    9900ms] [LOG] {_2026_NFCU_DCO_Workbook_V1_01: Array(1), _profileid: 10954377} @ https://s0.2mdn.net/sadbundle/12259900415541248000/index.html?e=69&leftOffset=0&topOffset=0&c=rEHMMhzg4J&t=1&renderingType=2&ev=01_262:115
[    9994ms] [ERROR] Attestation check for Protected Audience on https://direct.adsrvr.org failed. @ https://manuals.plus/m/ea229d698fdeffe158d0a85e381d657d02714a870a560b968559953ab521d745:0
[    9994ms] [ERROR] Attestation check for Protected Audience on https://a.teads.tv failed. @ https://manuals.plus/m/ea229d698fdeffe158d0a85e381d657d02714a870a560b968559953ab521d745:0
[    9994ms] [ERROR] Attestation check for Protected Audience on https://targeting.unrulymedia.com failed. @ https://manuals.plus/m/ea229d698fdeffe158d0a85e381d657d02714a870a560b968559953ab521d745:0
[    9994ms] [ERROR] Attestation check for Protected Audience on https://prg.smartadserver.com failed. @ https://manuals.plus/m/ea229d698fdeffe158d0a85e381d657d02714a870a560b968559953ab521d745:0
[    9994ms] [ERROR] Attestation check for Protected Audience on https://onetag-sys.com failed. @ https://manuals.plus/m/ea229d698fdeffe158d0a85e381d657d02714a870a560b968559953ab521d745:0
[    9994ms] [ERROR] Attestation check for Protected Audience on https://tlx.3lift.com failed. @ https://manuals.plus/m/ea229d698fdeffe158d0a85e381d657d02714a870a560b968559953ab521d745:0
[   10054ms] [ERROR] Attestation check for Protected Audience on https://hbopenbid.pubmatic.com failed. @ https://manuals.plus/m/ea229d698fdeffe158d0a85e381d657d02714a870a560b968559953ab521d745:0
[   10067ms] [ERROR] Attestation check for Protected Audience on https://grid-bidder.criteo.com failed. @ https://manuals.plus/m/ea229d698fdeffe158d0a85e381d657d02714a870a560b968559953ab521d745:0
[    6065ms] [ERROR] Attestation check for Shared Storage on https://www.googleadservices.com failed. @ https://www.googleadservices.com/pagead/managed/js/activeview/current/reach_worklet.html:0
[    6594ms] [ERROR] Attestation check for Shared Storage on https://www.googleadservices.com failed. @ https://www.googleadservices.com/pagead/managed/js/activeview/current/reach_worklet.html:0
[    7538ms] [ERROR] Attestation check for Shared Storage on https://www.googleadservices.com failed. @ https://www.googleadservices.com/pagead/managed/js/activeview/current/reach_worklet.html:0
[    8993ms] [ERROR] Attestation check for Shared Storage on https://www.googleadservices.com failed. @ https://www.googleadservices.com/pagead/managed/js/activeview/current/reach_worklet.html:0
[    9722ms] [ERROR] Attestation check for Shared Storage on https://www.googleadservices.com failed. @ https://www.googleadservices.com/pagead/managed/js/activeview/current/reach_worklet.html:0
[    6065ms] [ERROR] Attestation check for Shared Storage on https://www.googleadservices.com failed. @ https://www.googleadservices.com/pagead/managed/js/activeview/current/reach_worklet.html:0
[    6594ms] [ERROR] Attestation check for Shared Storage on https://www.googleadservices.com failed. @ https://www.googleadservices.com/pagead/managed/js/activeview/current/reach_worklet.html:0
[    7538ms] [ERROR] Attestation check for Shared Storage on https://www.googleadservices.com failed. @ https://www.googleadservices.com/pagead/managed/js/activeview/current/reach_worklet.html:0
[    8993ms] [ERROR] Attestation check for Shared Storage on https://www.googleadservices.com failed. @ https://www.googleadservices.com/pagead/managed/js/activeview/current/reach_worklet.html:0
[    9722ms] [ERROR] Attestation check for Shared Storage on https://www.googleadservices.com failed. @ https://www.googleadservices.com/pagead/managed/js/activeview/current/reach_worklet.html:0
[   10546ms] [ERROR] Attestation check for Shared Storage on https://www.googleadservices.com failed. @ https://www.googleadservices.com/pagead/managed/js/activeview/current/reach_worklet.html:0
[   10550ms] [ERROR] Attestation check for Shared Storage on https://www.googleadservices.com failed. @ https://www.googleadservices.com/pagead/managed/js/activeview/current/reach_worklet.html:0
[    6065ms] [ERROR] Attestation check for Shared Storage on https://www.googleadservices.com failed. @ https://www.googleadservices.com/pagead/managed/js/activeview/current/reach_worklet.html:0
[    6594ms] [ERROR] Attestation check for Shared Storage on https://www.googleadservices.com failed. @ https://www.googleadservices.com/pagead/managed/js/activeview/current/reach_worklet.html:0
[    7538ms] [ERROR] Attestation check for Shared Storage on https://www.googleadservices.com failed. @ https://www.googleadservices.com/pagead/managed/js/activeview/current/reach_worklet.html:0
[    8993ms] [ERROR] Attestation check for Shared Storage on https://www.googleadservices.com failed. @ https://www.googleadservices.com/pagead/managed/js/activeview/current/reach_worklet.html:0
[    9722ms] [ERROR] Attestation check for Shared Storage on https://www.googleadservices.com failed. @ https://www.googleadservices.com/pagead/managed/js/activeview/current/reach_worklet.html:0
[   10546ms] [ERROR] Attestation check for Shared Storage on https://www.googleadservices.com failed. @ https://www.googleadservices.com/pagead/managed/js/activeview/current/reach_worklet.html:0
[   10550ms] [ERROR] Attestation check for Shared Storage on https://www.googleadservices.com failed. @ https://www.googleadservices.com/pagead/managed/js/activeview/current/reach_worklet.html:0
[   10709ms] [LOG] {_2026_NFCU_DCO_Workbook_V1_01: Array(1), _profileid: 10954377} @ https://s0.2mdn.net/sadbundle/12259900415541248000/index.html?e=69&leftOffset=0&topOffset=0&c=iLexNWKpWR&t=1&renderingType=2&ev=01_262:115
[   10797ms] [ERROR] Attestation check for Shared Storage on https://www.googleadservices.com failed. @ https://www.googleadservices.com/pagead/managed/js/activeview/current/reach_worklet.html:0
[    6065ms] [ERROR] Attestation check for Shared Storage on https://www.googleadservices.com failed. @ https://www.googleadservices.com/pagead/managed/js/activeview/current/reach_worklet.html:0
[    6594ms] [ERROR] Attestation check for Shared Storage on https://www.googleadservices.com failed. @ https://www.googleadservices.com/pagead/managed/js/activeview/current/reach_worklet.html:0
[    7538ms] [ERROR] Attestation check for Shared Storage on https://www.googleadservices.com failed. @ https://www.googleadservices.com/pagead/managed/js/activeview/current/reach_worklet.html:0
[    8993ms] [ERROR] Attestation check for Shared Storage on https://www.googleadservices.com failed. @ https://www.googleadservices.com/pagead/managed/js/activeview/current/reach_worklet.html:0
[    9722ms] [ERROR] Attestation check for Shared Storage on https://www.googleadservices.com failed. @ https://www.googleadservices.com/pagead/managed/js/activeview/current/reach_worklet.html:0
[   10546ms] [ERROR] Attestation check for Shared Storage on https://www.googleadservices.com failed. @ https://www.googleadservices.com/pagead/managed/js/activeview/current/reach_worklet.html:0
[   10550ms] [ERROR] Attestation check for Shared Storage on https://www.googleadservices.com failed. @ https://www.googleadservices.com/pagead/managed/js/activeview/current/reach_worklet.html:0
[   10797ms] [ERROR] Attestation check for Shared Storage on https://www.googleadservices.com failed. @ https://www.googleadservices.com/pagead/managed/js/activeview/current/reach_worklet.html:0
[   11111ms] [ERROR] Attestation check for Shared Storage on https://www.googleadservices.com failed. @ https://www.googleadservices.com/pagead/managed/js/activeview/current/reach_worklet.html:0
[   11198ms] [LOG] {_2026_NFCU_DCO_Workbook_V1_01: Array(1), _profileid: 10954377} @ https://s0.2mdn.net/sadbundle/15035644483666444288/index.html?e=69&leftOffset=0&topOffset=0&c=8AJiT9MKeE&t=1&renderingType=2&ev=01_262:115
[   11393ms] [TIMEEND] a: 0.001953125 ms @ https://static.adsafeprotected.com/sca.17.6.4.js:31
[   11468ms] [ERROR] Attestation check for Protected Audience on https://direct.adsrvr.org failed. @ https://manuals.plus/m/ea229d698fdeffe158d0a85e381d657d02714a870a560b968559953ab521d745:0
[   11468ms] [ERROR] Attestation check for Protected Audience on https://prebid.smilewanted.com failed. @ https://manuals.plus/m/ea229d698fdeffe158d0a85e381d657d02714a870a560b968559953ab521d745:0
[   11468ms] [ERROR] Attestation check for Protected Audience on https://api.w.inmobi.com failed. @ https://manuals.plus/m/ea229d698fdeffe158d0a85e381d657d02714a870a560b968559953ab521d745:0
[   11469ms] [ERROR] Attestation check for Protected Audience on https://fastlane.rubiconproject.com failed. @ https://manuals.plus/m/ea229d698fdeffe158d0a85e381d657d02714a870a560b968559953ab521d745:0
[   11469ms] [ERROR] Attestation check for Protected Audience on https://onetag-sys.com failed. @ https://manuals.plus/m/ea229d698fdeffe158d0a85e381d657d02714a870a560b968559953ab521d745:0
[   11469ms] [ERROR] Attestation check for Protected Audience on https://tlx.3lift.com failed. @ https://manuals.plus/m/ea229d698fdeffe158d0a85e381d657d02714a870a560b968559953ab521d745:0
[   11470ms] [ERROR] Attestation check for Protected Audience on https://prebid.trustedstack.com failed. @ https://manuals.plus/m/ea229d698fdeffe158d0a85e381d657d02714a870a560b968559953ab521d745:0
[   11530ms] [ERROR] Attestation check for Protected Audience on https://ap.lijit.com failed. @ https://manuals.plus/m/ea229d698fdeffe158d0a85e381d657d02714a870a560b968559953ab521d745:0
[   11530ms] [ERROR] Attestation check for Protected Audience on https://htlb.casalemedia.com failed. @ https://manuals.plus/m/ea229d698fdeffe158d0a85e381d657d02714a870a560b968559953ab521d745:0
[   11541ms] [ERROR] Attestation check for Protected Audience on https://hbopenbid.pubmatic.com failed. @ https://manuals.plus/m/ea229d698fdeffe158d0a85e381d657d02714a870a560b968559953ab521d745:0
[    6065ms] [ERROR] Attestation check for Shared Storage on https://www.googleadservices.com failed. @ https://www.googleadservices.com/pagead/managed/js/activeview/current/reach_worklet.html:0
[    6594ms] [ERROR] Attestation check for Shared Storage on https://www.googleadservices.com failed. @ https://www.googleadservices.com/pagead/managed/js/activeview/current/reach_worklet.html:0
[    7538ms] [ERROR] Attestation check for Shared Storage on https://www.googleadservices.com failed. @ https://www.googleadservices.com/pagead/managed/js/activeview/current/reach_worklet.html:0
[    8993ms] [ERROR] Attestation check for Shared Storage on https://www.googleadservices.com failed. @ https://www.googleadservices.com/pagead/managed/js/activeview/current/reach_worklet.html:0
[    9722ms] [ERROR] Attestation check for Shared Storage on https://www.googleadservices.com failed. @ https://www.googleadservices.com/pagead/managed/js/activeview/current/reach_worklet.html:0
[   10546ms] [ERROR] Attestation check for Shared Storage on https://www.googleadservices.com failed. @ https://www.googleadservices.com/pagead/managed/js/activeview/current/reach_worklet.html:0
[   10550ms] [ERROR] Attestation check for Shared Storage on https://www.googleadservices.com failed. @ https://www.googleadservices.com/pagead/managed/js/activeview/current/reach_worklet.html:0
[   10797ms] [ERROR] Attestation check for Shared Storage on https://www.googleadservices.com failed. @ https://www.googleadservices.com/pagead/managed/js/activeview/current/reach_worklet.html:0
[   11111ms] [ERROR] Attestation check for Shared Storage on https://www.googleadservices.com failed. @ https://www.googleadservices.com/pagead/managed/js/activeview/current/reach_worklet.html:0
[   11975ms] [ERROR] Failed to load resource: the server responded with a status of 404 (Not Found) @ https://b1sync.zemanta.com/usersync/liveintent/?cb=//i.liadm.com/s/35004?bidder_id%3D98254%26bidder_uuid%3D__ZUID__:0
[   11975ms] [ERROR] Failed to load resource: the server responded with a status of 404 (Not Found) @ https://b1sync.zemanta.com/usersync/liveintent/?cb=//i.liadm.com/s/35004?bidder_id%3D98254%26bidder_uuid%3D__ZUID__:0
[   12015ms] [ERROR] Attestation check for Shared Storage on https://www.googleadservices.com failed. @ https://www.googleadservices.com/pagead/managed/js/activeview/current/reach_worklet.html:0
[   12040ms] [LOG] {_2026_NFCU_DCO_Workbook_V1_01: Array(1), _profileid: 10954377} @ https://s0.2mdn.net/sadbundle/15035644483666444288/index.html?e=69&leftOffset=0&topOffset=0&c=WkMxg88Ia6&t=1&renderingType=2&ev=01_262:115
[   12087ms] [ERROR] Failed to load resource: the server responded with a status of 400 () @ https://eb2.3lift.com/getuid?gdpr=0&gdpr_consent=&redir=https%3A%2F%2Fvisitor.us-west1.gcp.omnitagjs.com%2Fvisitor%2Fsync%3Fgdpr%3D0%26gdpr_consent%3D%26is_cookie_sync_uid%3D1%26name%3DTRIPLELIFT_cookie_sync%26ttl%3D720%26uid%3D771bebe2d6221e9ca65e16ebf8d2f6f3%26visitor%3D%24UID:0
[    7510ms] [ERROR] Failed to load resource: the server responded with a status of 404 () @ https://id5-sync.com/k/1854.gif?puid=3eb1b430-9461-451e-8b91-1dc206c6b783:0
[    7670ms] [ERROR] Failed to load resource: the server responded with a status of 400 () @ https://tracker.rtb-oveeo.com/https%3A%2F%2Fcs.admanmedia.com%2F27b80941c42566e4096190078077ea59.gif%3Fpuid%3D%%ifa%%%26redir%3D%%pageUrlEnc%%%26gdpr%3D%%gdpr%%%26gdpr_consent%3D%%gdprConsent%%%26ccpa%3D%%us_privacy%%%26coppa%3D%%coppa%%:0
[   12356ms] [ERROR] Failed to load resource: the server responded with a status of 404 (Not Found) @ https://csync.copper6.com/f3c49daf592d06bab39258cac72c0de9.gif?gdpr=0&gdpr_consent=&redir=https%3A%2F%2Fvisitor.us-west1.gcp.omnitagjs.com%2Fvisitor%2Fsync%3Fgdpr%3D0%26gdpr_consent%3D%26is_cookie_sync_uid%3D1%26name%3DCOPPER6_APP_cookie_sync%26ttl%3D720%26uid%3D123285a4642e0170ed8b35a36075585%26visitor%3D%5BUID%5D:0
[   12538ms] [ERROR] Failed to load resource: the server responded with a status of 404 (Not Found) @ https://csync.copper6.com/3ccb4268afab0c2b1373a8a8fdc5011f.gif?coppa=%5BCOPPA%5D&gdpr=0&gdpr_consent=%5BGDPR_CONSENT%5D&gpp=%5BGPP%5D&gpp_sid=%5BGPP_SID%5D&redir=https%3A%2F%2Fcs.openwebmp.com%2Fcs%3Ffwrd%3D1%26aid%3D40040%26puid%3D%5BUID%5D:0
[    7510ms] [ERROR] Failed to load resource: the server responded with a status of 404 () @ https://id5-sync.com/k/1854.gif?puid=3eb1b430-9461-451e-8b91-1dc206c6b783:0
[    7670ms] [ERROR] Failed to load resource: the server responded with a status of 400 () @ https://tracker.rtb-oveeo.com/https%3A%2F%2Fcs.admanmedia.com%2F27b80941c42566e4096190078077ea59.gif%3Fpuid%3D%%ifa%%%26redir%3D%%pageUrlEnc%%%26gdpr%3D%%gdpr%%%26gdpr_consent%3D%%gdprConsent%%%26ccpa%3D%%us_privacy%%%26coppa%3D%%coppa%%:0
[    7734ms] [ERROR] Failed to load resource: the server responded with a status of 422 () @ https://match.sharethrough.com/FGMrCMMc/v1?redirectUri=https%3A%2F%2Fsync.sparteo.com%2Fsetuid%3Fpslabel%3Dnull%26bidder%3Dsharethrough%26gdpr%3D0%26gdpr_consent%3D%26us_privacy%3D%26gpp%3D%26gpp_sid%3D%26f%3Di%26uid%3D%24UID&gdpr=0&gdpr_consent=&us_privacy=:0
[    7510ms] [ERROR] Failed to load resource: the server responded with a status of 404 () @ https://id5-sync.com/k/1854.gif?puid=3eb1b430-9461-451e-8b91-1dc206c6b783:0
[    7670ms] [ERROR] Failed to load resource: the server responded with a status of 400 () @ https://tracker.rtb-oveeo.com/https%3A%2F%2Fcs.admanmedia.com%2F27b80941c42566e4096190078077ea59.gif%3Fpuid%3D%%ifa%%%26redir%3D%%pageUrlEnc%%%26gdpr%3D%%gdpr%%%26gdpr_consent%3D%%gdprConsent%%%26ccpa%3D%%us_privacy%%%26coppa%3D%%coppa%%:0
[   13231ms] [ERROR] Failed to load resource: the server responded with a status of 422 () @ https://match.sharethrough.com/FGMrCMMc/v1?redirectUri=https%3A%2F%2Fsync.sparteo.com%2Fsetuid%3Fpslabel%3Dnull%26bidder%3Dsharethrough%26gdpr%3D0%26gdpr_consent%3D%26us_privacy%3D%26gpp%3D%26gpp_sid%3D%26f%3Di%26uid%3D%24UID&gdpr=0&gdpr_consent=&us_privacy=:0
[    2073ms] [ERROR] Failed to load resource: the server responded with a status of 404 () @ https://eb2.3lift.com/topics/topics_frame.html?bidder=triplelift:0
[   13307ms] [ERROR] Failed to load resource: the server responded with a status of 400 () @ https://match.sharethrough.com/FGMrCMMc/v1?gdpr=%%gdpr%%&gdpr_consent=%%gdprConsent%%&us_privacy=%%usPrivacy%%&redirectUri=https%3A%2F%2Ftracker.iionads.com%2Fsync%3Fid%3D29%26uid%3D%24UID:0
[   17225ms] [ERROR] [GSI_LOGGER]: FedCM get() rejects with NetworkError: Error retrieving a token. @ https://accounts.google.com/gsi/client:87
